# JRE version: OpenJDK Runtime Environment (11.0.1+13) (build 11.0.1+13)
# Java VM: OpenJDK 64-Bit Server VM (11.0.1+13, mixed mode, tiered, compressed oops, g1 gc, windows-amd64)
Heap:
 garbage-first heap   total 315392K, used 43149K [0x0000000701a00000, 0x0000000800000000)
  region size 1024K, 36 young (36864K), 12 survivors (12288K)
 Metaspace       used 60061K, capacity 61350K, committed 61484K, reserved 1103872K
  class space    used 7574K, capacity 8059K, committed 8064K, reserved 1048576K
GC Heap History (10 events):
Event: 1.374 GC heap before
{Heap before GC invocations=1 (full 0):
 garbage-first heap   total 262144K, used 57523K [0x0000000701a00000, 0x0000000800000000)
  region size 1024K, 54 young (55296K), 3 survivors (3072K)
 Metaspace       used 20673K, capacity 21151K, committed 21248K, reserved 1069056K
  class space    used 2366K, capacity 2546K, committed 2560K, reserved 1048576K
}
Event: 1.380 GC heap after
{Heap after GC invocations=2 (full 0):
 garbage-first heap   total 262144K, used 8486K [0x0000000701a00000, 0x0000000800000000)
  region size 1024K, 6 young (6144K), 6 survivors (6144K)
 Metaspace       used 20673K, capacity 21151K, committed 21248K, reserved 1069056K
  class space    used 2366K, capacity 2546K, committed 2560K, reserved 1048576K
}
Event: 1.650 GC heap before
{Heap before GC invocations=3 (full 0):
 garbage-first heap   total 262144K, used 66854K [0x0000000701a00000, 0x0000000800000000)
  region size 1024K, 64 young (65536K), 6 survivors (6144K)
 Metaspace       used 25975K, capacity 26532K, committed 26880K, reserved 1073152K
  class space    used 3006K, capacity 3235K, committed 3328K, reserved 1048576K
}
Event: 1.656 GC heap after
{Heap after GC invocations=4 (full 0):
 garbage-first heap   total 262144K, used 9412K [0x0000000701a00000, 0x0000000800000000)
  region size 1024K, 4 young (4096K), 4 survivors (4096K)
 Metaspace       used 25975K, capacity 26532K, committed 26880K, reserved 1073152K
  class space    used 3006K, capacity 3235K, committed 3328K, reserved 1048576K
}
Event: 3.218 GC heap before
{Heap before GC invocations=4 (full 0):
 garbage-first heap   total 262144K, used 92356K [0x0000000701a00000, 0x0000000800000000)
  region size 1024K, 87 young (89088K), 4 survivors (4096K)
 Metaspace       used 34640K, capacity 35496K, committed 35628K, reserved 1081344K
  class space    used 4103K, capacity 4453K, committed 4480K, reserved 1048576K
}
Event: 3.228 GC heap after
{Heap after GC invocations=5 (full 0):
 garbage-first heap   total 262144K, used 13201K [0x0000000701a00000, 0x0000000800000000)
  region size 1024K, 7 young (7168K), 7 survivors (7168K)
 Metaspace       used 34640K, capacity 35496K, committed 35628K, reserved 1081344K
  class space    used 4103K, capacity 4453K, committed 4480K, reserved 1048576K
}
Event: 5.731 GC heap before
{Heap before GC invocations=6 (full 0):
 garbage-first heap   total 262144K, used 161681K [0x0000000701a00000, 0x0000000800000000)
  region size 1024K, 153 young (156672K), 7 survivors (7168K)
 Metaspace       used 54904K, capacity 55995K, committed 56108K, reserved 1097728K
  class space    used 6871K, capacity 7262K, committed 7296K, reserved 1048576K
}
Event: 5.741 GC heap after
{Heap after GC invocations=7 (full 0):
 garbage-first heap   total 262144K, used 17981K [0x0000000701a00000, 0x0000000800000000)
  region size 1024K, 12 young (12288K), 12 survivors (12288K)
 Metaspace       used 54904K, capacity 55995K, committed 56108K, reserved 1097728K
  class space    used 6871K, capacity 7262K, committed 7296K, reserved 1048576K
}
Event: 6.114 GC heap before
{Heap before GC invocations=7 (full 0):
 garbage-first heap   total 262144K, used 39485K [0x0000000701a00000, 0x0000000800000000)
  region size 1024K, 34 young (34816K), 12 survivors (12288K)
 Metaspace       used 58452K, capacity 59584K, committed 59692K, reserved 1101824K
  class space    used 7324K, capacity 7756K, committed 7808K, reserved 1048576K
}
Event: 6.130 GC heap after
{Heap after GC invocations=8 (full 0):
 garbage-first heap   total 315392K, used 19597K [0x0000000701a00000, 0x0000000800000000)
  region size 1024K, 12 young (12288K), 12 survivors (12288K)
 Metaspace       used 58452K, capacity 59584K, committed 59692K, reserved 1101824K
  class space    used 7324K, capacity 7756K, committed 7808K, reserved 1048576K
}

